         coredns-2534833 [003] d.s31 156788.822692: bpf_trace_printk: [0] = 7  <-- L1
         coredns-2534833 [003] d.s31 156788.822694: bpf_trace_printk: [1] = 65
         coredns-2534833 [003] d.s31 156788.822696: bpf_trace_printk: [2] = 78
         coredns-2534833 [003] d.s31 156788.822698: bpf_trace_printk: [3] = 61
         coredns-2534833 [003] d.s31 156788.822699: bpf_trace_printk: [4] = 6d
         coredns-2534833 [003] d.s31 156788.822701: bpf_trace_printk: [5] = 70
         coredns-2534833 [003] d.s31 156788.822703: bpf_trace_printk: [6] = 6c
         coredns-2534833 [003] d.s31 156788.822705: bpf_trace_printk: [7] = 65
         coredns-2534833 [003] d.s31 156788.822707: bpf_trace_printk: [8] = 3  <-- L2
         coredns-2534833 [003] d.s31 156788.822709: bpf_trace_printk: [9] = 63
         coredns-2534833 [003] d.s31 156788.822710: bpf_trace_printk: [a] = 6f
         coredns-2534833 [003] d.s31 156788.822712: bpf_trace_printk: [b] = 6d
         coredns-2534829 [001] d.s31 157041.026201: bpf_trace_printk: [c] = 0  <-- end of qname
         coredns-2534829 [001] d.s31 157041.026202: bpf_trace_printk: [d] = 0
         coredns-2534829 [001] d.s31 157041.026203: bpf_trace_printk: [e] = 1c <-- type AAAA
         coredns-2534829 [001] d.s31 157041.026203: bpf_trace_printk: [f] = 0
         coredns-2534829 [001] d.s31 157041.026204: bpf_trace_printk: [10] = 1 <-- class
         coredns-2534829 [001] d.s31 157041.026204: bpf_trace_printk: [11] = 7 <-- begin ANSWER L1
         coredns-2534829 [001] d.s31 157041.026205: bpf_trace_printk: [12] = 65
         coredns-2534829 [001] d.s31 157041.026207: bpf_trace_printk: [13] = 78
         coredns-2534829 [001] d.s31 157041.026208: bpf_trace_printk: [14] = 61
         coredns-2534829 [001] d.s31 157041.026208: bpf_trace_printk: [15] = 6d
         coredns-2534829 [001] d.s31 157041.026209: bpf_trace_printk: [16] = 70
         coredns-2534829 [001] d.s31 157041.026209: bpf_trace_printk: [17] = 6c
         coredns-2534816 [002] d.s31 157204.985217: bpf_trace_printk: [18] = 65
         coredns-2534816 [002] d.s31 157204.985218: bpf_trace_printk: [19] = 3 <-- L2
         coredns-2534816 [002] d.s31 157204.985219: bpf_trace_printk: [1a] = 63
         coredns-2534816 [002] d.s31 157204.985219: bpf_trace_printk: [1b] = 6f
         coredns-2534816 [002] d.s31 157204.985220: bpf_trace_printk: [1c] = 6d
         coredns-2534816 [002] d.s31 157204.985220: bpf_trace_printk: [1d] = 0 <-- end of qname
         coredns-2534816 [002] d.s31 157204.985221: bpf_trace_printk: [1e] = 0
         coredns-2534816 [002] d.s31 157204.985222: bpf_trace_printk: [1f] = 1 <-- type
         coredns-2534816 [002] d.s31 157204.985222: bpf_trace_printk: [20] = 0
         coredns-2534816 [002] d.s31 157204.985223: bpf_trace_printk: [21] = 1 <-- class
         coredns-2534816 [002] d.s31 157204.985223: bpf_trace_printk: [22] = 0  |\
         coredns-2534816 [002] d.s31 157204.985224: bpf_trace_printk: [23] = 0  | \
         coredns-2534834 [005] d.s31 157338.009618: bpf_trace_printk: [24] = 0  | / TTL
         coredns-2534834 [005] d.s31 157338.009620: bpf_trace_printk: [25] = 1e |/
         coredns-2534834 [005] d.s31 157338.009622: bpf_trace_printk: [26] = 0
         coredns-2534834 [005] d.s31 157338.009623: bpf_trace_printk: [27] = 4  | Addr len (ipv4)
         coredns-2534834 [005] d.s31 157338.009624: bpf_trace_printk: [28] = 5d |---
         coredns-2534834 [005] d.s31 157338.009626: bpf_trace_printk: [29] = b8 | IPv4
         coredns-2534834 [005] d.s31 157338.009627: bpf_trace_printk: [2a] = d8 | 5db8d822 -> 93.184.216.34
         coredns-2534834 [005] d.s31 157338.009628: bpf_trace_printk: [2b] = 22 |---